\BOOKMARK [1][-]{section.1}{INTRODUCTION}{}% 1
\BOOKMARK [1][-]{section.2}{RELATED WORK}{}% 2
\BOOKMARK [1][-]{section.3}{PROBLEM FORMULATION}{}% 3
\BOOKMARK [2][-]{subsection.3.1}{State representation}{section.3}% 4
\BOOKMARK [2][-]{subsection.3.2}{Observation model}{section.3}% 5
\BOOKMARK [2][-]{subsection.3.3}{Path-tree}{section.3}% 6
\BOOKMARK [2][-]{subsection.3.4}{State validity}{section.3}% 7
\BOOKMARK [2][-]{subsection.3.5}{State transitions validity and cost}{section.3}% 8
\BOOKMARK [2][-]{subsection.3.6}{Goal condition}{section.3}% 9
\BOOKMARK [2][-]{subsection.3.7}{Optimization Objective}{section.3}% 10
\BOOKMARK [1][-]{section.4}{Random Optimal Path-Tree algorithm \(ROPT\)}{}% 11
\BOOKMARK [2][-]{subsection.4.1}{Overview}{section.4}% 12
\BOOKMARK [2][-]{subsection.4.2}{Interface between the algorithm and the appication layer}{section.4}% 13
\BOOKMARK [2][-]{subsection.4.3}{Rapidly-exploring Random Graph}{section.4}% 14
\BOOKMARK [2][-]{subsection.4.4}{Graph expansion to belief space}{section.4}% 15
\BOOKMARK [2][-]{subsection.4.5}{Policy extraction}{section.4}% 16
\BOOKMARK [2][-]{subsection.4.6}{Path-tree refinement}{section.4}% 17
\BOOKMARK [1][-]{section.5}{EXPERIMENTS}{}% 18
\BOOKMARK [2][-]{subsection.5.1}{Mobile robot navigation}{section.5}% 19
\BOOKMARK [2][-]{subsection.5.2}{Robot arm object fetching}{section.5}% 20
\BOOKMARK [1][-]{section.6}{CONCLUSIONS AND FUTURE WORK}{}% 21
\BOOKMARK [1][-]{section*.2}{References}{}% 22
